#
# There is insufficient memory for the Java Runtime Environment to continue.
# Native memory allocation (malloc) failed to allocate 1158576 bytes. Error detail: Chunk::new
# Possible reasons:
#   The system is out of physical RAM or swap space
#   This process is running with CompressedOops enabled, and the Java Heap may be blocking the growth of the native heap
# Possible solutions:
#   Reduce memory load on the system
#   Increase physical memory or swap space
#   Check if swap backing store is full
#   Decrease Java heap size (-Xmx/-Xms)
#   Decrease number of Java threads
#   Decrease Java thread stack sizes (-Xss)
#   Set larger code cache with -XX:ReservedCodeCacheSize=
#   JVM is running with Zero Based Compressed Oops mode in which the Java heap is
#     placed in the first 32GB address space. The Java Heap base address is the
#     maximum limit for the native heap growth. Please use -XX:HeapBaseMinAddress
#     to set the Java Heap base and to place the Java Heap above 32GB virtual address.
# This output file may be truncated or incomplete.
#
#  Out of Memory Error (arena.cpp:168), pid=23092, tid=7900
#
# JRE version: OpenJDK Runtime Environment (21.0.8) (build 21.0.8+-14018985-b1038.68)
# Java VM: OpenJDK 64-Bit Server VM (21.0.8+-14018985-b1038.68, mixed mode, tiered, compressed oops, compressed class ptrs, g1 gc, windows-amd64)
# No core dump will be written. Minidumps are not enabled by default on client versions of Windows
#

---------------  S U M M A R Y ------------

Command Line: org.jetbrains.kotlin.cli.jvm.K2JVMCompiler @C:\Users\ACER\AndroidStudioProjects\HandmandeExpo\app\build\20251226_1528166487385578475.compiler.options

Host: 13th Gen Intel(R) Core(TM) i5-13420H, 12 cores, 15G,  Windows 11 , 64 bit Build 26100 (10.0.26100.7309)
Time: Fri Dec 26 18:23:57 2025 Nepal Standard Time elapsed time: 7.383602 seconds (0d 0h 0m 7s)

---------------  T H R E A D  ---------------

Current thread (0x00000252060d0f00):  JavaThread "C2 CompilerThread0" daemon [_thread_in_native, id=7900, stack(0x0000007bcf800000,0x0000007bcf900000) (1024K)]


Current CompileTask:
C2:7383 10409       4       org.jetbrains.kotlin.name.FqNameUnsafe::pathSegments (39 bytes)

Stack: [0x0000007bcf800000,0x0000007bcf900000]
Native frames: (J=compiled Java code, j=interpreted, Vv=VM code, C=native code)
V  [jvm.dll+0x6d68d9]
V  [jvm.dll+0x866693]
V  [jvm.dll+0x868c4e]
V  [jvm.dll+0x869333]
V  [jvm.dll+0x280566]
V  [jvm.dll+0xc07cd]
V  [jvm.dll+0xc0d03]
V  [jvm.dll+0x3b95e1]
V  [jvm.dll+0x385507]
V  [jvm.dll+0x38497a]
V  [jvm.dll+0x249252]
V  [jvm.dll+0x248821]
V  [jvm.dll+0x1c73a4]
V  [jvm.dll+0x257f9e]
V  [jvm.dll+0x2564e6]
V  [jvm.dll+0x3f4696]
V  [jvm.dll+0x80eac8]
V  [jvm.dll+0x6d512d]
C  [ucrtbase.dll+0x37b0]
C  [KERNEL32.DLL+0x2e8d7]
C  [ntdll.dll+0x8c53c]


---------------  P R O C E S S  ---------------

Threads class SMR info:
_java_thread_list=0x00000252083a2120, length=13, elements={
0x000002526565ec90, 0x000002520609b4d0, 0x000002520609c530, 0x000002520609cba0,
0x00000252060bafc0, 0x00000252060bb630, 0x00000252060bbca0, 0x00000252060bc310,
0x00000252060d0f00, 0x00000252060d15b0, 0x0000025206270ef0, 0x0000025209782fc0,
0x00000252098bdd50
}

Java Threads: ( => current thread )
  0x000002526565ec90 JavaThread "main"                              [_thread_in_native, id=2756, stack(0x0000007bce900000,0x0000007bcea00000) (1024K)]
  0x000002520609b4d0 JavaThread "Common-Cleaner"             daemon [_thread_blocked, id=17028, stack(0x0000007bcf100000,0x0000007bcf200000) (1024K)]
  0x000002520609c530 JavaThread "Reference Handler"          daemon [_thread_blocked, id=29348, stack(0x0000007bcf200000,0x0000007bcf300000) (1024K)]
  0x000002520609cba0 JavaThread "Finalizer"                  daemon [_thread_blocked, id=23244, stack(0x0000007bcf300000,0x0000007bcf400000) (1024K)]
  0x00000252060bafc0 JavaThread "Signal Dispatcher"          daemon [_thread_blocked, id=11272, stack(0x0000007bcf400000,0x0000007bcf500000) (1024K)]
  0x00000252060bb630 JavaThread "Attach Listener"            daemon [_thread_blocked, id=1628, stack(0x0000007bcf500000,0x0000007bcf600000) (1024K)]
  0x00000252060bbca0 JavaThread "Service Thread"             daemon [_thread_blocked, id=27264, stack(0x0000007bcf600000,0x0000007bcf700000) (1024K)]
  0x00000252060bc310 JavaThread "Monitor Deflation Thread"   daemon [_thread_blocked, id=27316, stack(0x0000007bcf700000,0x0000007bcf800000) (1024K)]
=>0x00000252060d0f00 JavaThread "C2 CompilerThread0"         daemon [_thread_in_native, id=7900, stack(0x0000007bcf800000,0x0000007bcf900000) (1024K)]
  0x00000252060d15b0 JavaThread "C1 CompilerThread0"         daemon [_thread_blocked, id=27800, stack(0x0000007bcf900000,0x0000007bcfa00000) (1024K)]
  0x0000025206270ef0 JavaThread "Notification Thread"        daemon [_thread_blocked, id=18428, stack(0x0000007bcfa00000,0x0000007bcfb00000) (1024K)]
  0x0000025209782fc0 JavaThread "C2 CompilerThread1"         daemon [_thread_blocked, id=8344, stack(0x0000007bcfb00000,0x0000007bcfc00000) (1024K)]
  0x00000252098bdd50 JavaThread "C2 CompilerThread2"         daemon [_thread_blocked, id=22944, stack(0x0000007bcfc00000,0x0000007bcfd00000) (1024K)]
Total: 13

Other Threads:
  0x000002527f2be4b0 VMThread "VM Thread"                           [id=17044, stack(0x0000007bcf000000,0x0000007bcf100000) (1024K)]
  0x000002527f275b20 WatcherThread "VM Periodic Task Thread"        [id=7592, stack(0x0000007bcef00000,0x0000007bcf000000) (1024K)]
  0x00000252679bdf10 WorkerThread "GC Thread#0"                     [id=29300, stack(0x0000007bcea00000,0x0000007bceb00000) (1024K)]
  0x00000252069a77c0 WorkerThread "GC Thread#1"                     [id=27804, stack(0x0000007bcfd00000,0x0000007bcfe00000) (1024K)]
  0x00000252069a7b60 WorkerThread "GC Thread#2"                     [id=23672, stack(0x0000007bcfe00000,0x0000007bcff00000) (1024K)]
  0x00000252069a7f00 WorkerThread "GC Thread#3"                     [id=13076, stack(0x0000007bcff00000,0x0000007bd0000000) (1024K)]
  0x00000252069a82a0 WorkerThread "GC Thread#4"                     [id=22828, stack(0x0000007bd0000000,0x0000007bd0100000) (1024K)]
  0x00000252069a8640 WorkerThread "GC Thread#5"                     [id=30312, stack(0x0000007bd0100000,0x0000007bd0200000) (1024K)]
  0x0000025206aeeaa0 WorkerThread "GC Thread#6"                     [id=25704, stack(0x0000007bd0200000,0x0000007bd0300000) (1024K)]
  0x000002520755a930 WorkerThread "GC Thread#7"                     [id=21580, stack(0x0000007bd0500000,0x0000007bd0600000) (1024K)]
  0x0000025207558fd0 WorkerThread "GC Thread#8"                     [id=20204, stack(0x0000007bd0600000,0x0000007bd0700000) (1024K)]
  0x0000025207559e50 WorkerThread "GC Thread#9"                     [id=6676, stack(0x0000007bd0700000,0x0000007bd0800000) (1024K)]
  0x00000252679cf3b0 ConcurrentGCThread "G1 Main Marker"            [id=25692, stack(0x0000007bceb00000,0x0000007bcec00000) (1024K)]
  0x00000252679d1e40 WorkerThread "G1 Conc#0"                       [id=13564, stack(0x0000007bcec00000,0x0000007bced00000) (1024K)]
  0x0000025206aef1e0 WorkerThread "G1 Conc#1"                       [id=22392, stack(0x0000007bd0300000,0x0000007bd0400000) (1024K)]
  0x0000025206aef580 WorkerThread "G1 Conc#2"                       [id=26972, stack(0x0000007bd0400000,0x0000007bd0500000) (1024K)]
  0x0000025267a1e6e0 ConcurrentGCThread "G1 Refine#0"               [id=11660, stack(0x0000007bced00000,0x0000007bcee00000) (1024K)]
  0x000002527f13b010 ConcurrentGCThread "G1 Service"                [id=19552, stack(0x0000007bcee00000,0x0000007bcef00000) (1024K)]
Total: 18

Threads with active compile tasks:
C2 CompilerThread0  7411 10409       4       org.jetbrains.kotlin.name.FqNameUnsafe::pathSegments (39 bytes)
Total: 1

VM state: not at safepoint (normal execution)

VM Mutex/Monitor currently owned by a thread: None

Heap address: 0x0000000704a00000, size: 4022 MB, Compressed Oops mode: Zero based, Oop shift amount: 3

CDS archive(s) not mapped
Compressed class space mapped at: 0x0000000800000000-0x0000000840000000, reserved size: 1073741824
Narrow klass base: 0x0000000800000000, Narrow klass shift: 0, Narrow klass range: 0x40000000

GC Precious Log:
 CardTable entry size: 512
 Card Set container configuration: InlinePtr #cards 4 size 8 Array Of Cards #cards 16 size 48 Howl #buckets 8 coarsen threshold 3686 Howl Bitmap #cards 512 size 80 coarsen threshold 460 Card regions per heap region 1 cards per card region 4096
 CPUs: 12 total, 12 available
 Memory: 16087M
 Large Page Support: Disabled
 NUMA Support: Disabled
 Compressed Oops: Enabled (Zero based)
 Heap Region Size: 2M
 Heap Min Capacity: 8M
 Heap Initial Capacity: 252M
 Heap Max Capacity: 4022M
 Pre-touch: Disabled
 Parallel Workers: 10
 Concurrent Workers: 3
 Concurrent Refinement Workers: 10
 Periodic GC: Disabled

Heap:
 garbage-first heap   total 184320K, used 125355K [0x0000000704a00000, 0x0000000800000000)
  region size 2048K, 21 young (43008K), 5 survivors (10240K)
 Metaspace       used 64203K, committed 64512K, reserved 1114112K
  class space    used 7073K, committed 7232K, reserved 1048576K

Heap Regions: E=young(eden), S=young(survivor), O=old, HS=humongous(starts), HC=humongous(continues), CS=collection set, F=free, TAMS=top-at-mark-start, PB=parsable bottom
|   0|0x0000000704a00000, 0x0000000704c00000, 0x0000000704c00000|100%|HS|  |TAMS 0x0000000704a00000| PB 0x0000000704a00000| Complete 
|   1|0x0000000704c00000, 0x0000000704e00000, 0x0000000704e00000|100%|HC|  |TAMS 0x0000000704c00000| PB 0x0000000704c00000| Complete 
|   2|0x0000000704e00000, 0x0000000705000000, 0x0000000705000000|100%| O|  |TAMS 0x0000000704e00000| PB 0x0000000704e00000| Untracked 
|   3|0x0000000705000000, 0x0000000705200000, 0x0000000705200000|100%| O|  |TAMS 0x0000000705000000| PB 0x0000000705000000| Untracked 
|   4|0x0000000705200000, 0x0000000705400000, 0x0000000705400000|100%| O|  |TAMS 0x0000000705200000| PB 0x0000000705200000| Untracked 
|   5|0x0000000705400000, 0x0000000705600000, 0x0000000705600000|100%| O|  |TAMS 0x0000000705400000| PB 0x0000000705400000| Untracked 
|   6|0x0000000705600000, 0x0000000705800000, 0x0000000705800000|100%| O|  |TAMS 0x0000000705600000| PB 0x0000000705600000| Untracked 
|   7|0x0000000705800000, 0x0000000705a00000, 0x0000000705a00000|100%| O|  |TAMS 0x0000000705800000| PB 0x0000000705800000| Untracked 
|   8|0x0000000705a00000, 0x0000000705c00000, 0x0000000705c00000|100%| O|  |TAMS 0x0000000705a00000| PB 0x0000000705a00000| Untracked 
|   9|0x0000000705c00000, 0x0000000705e00000, 0x0000000705e00000|100%| O|  |TAMS 0x0000000705c00000| PB 0x0000000705c00000| Untracked 
|  10|0x0000000705e00000, 0x0000000706000000, 0x0000000706000000|100%| O|  |TAMS 0x0000000705e00000| PB 0x0000000705e00000| Untracked 
|  11|0x0000000706000000, 0x0000000706200000, 0x0000000706200000|100%| O|  |TAMS 0x0000000706000000| PB 0x0000000706000000| Untracked 
|  12|0x0000000706200000, 0x0000000706400000, 0x0000000706400000|100%| O|  |TAMS 0x0000000706200000| PB 0x0000000706200000| Untracked 
|  13|0x0000000706400000, 0x0000000706600000, 0x0000000706600000|100%| O|  |TAMS 0x0000000706400000| PB 0x0000000706400000| Untracked 
|  14|0x0000000706600000, 0x0000000706800000, 0x0000000706800000|100%| O|  |TAMS 0x0000000706600000| PB 0x0000000706600000| Untracked 
|  15|0x0000000706800000, 0x0000000706a00000, 0x0000000706a00000|100%| O|  |TAMS 0x0000000706800000| PB 0x0000000706800000| Untracked 
|  16|0x0000000706a00000, 0x0000000706c00000, 0x0000000706c00000|100%| O|  |TAMS 0x0000000706a00000| PB 0x0000000706a00000| Untracked 
|  17|0x0000000706c00000, 0x0000000706e00000, 0x0000000706e00000|100%| O|  |TAMS 0x0000000706c00000| PB 0x0000000706c00000| Untracked 
|  18|0x0000000706e00000, 0x0000000707000000, 0x0000000707000000|100%| O|  |TAMS 0x0000000706e00000| PB 0x0000000706e00000| Untracked 
|  19|0x0000000707000000, 0x0000000707200000, 0x0000000707200000|100%| O|  |TAMS 0x0000000707000000| PB 0x0000000707000000| Untracked 
|  20|0x0000000707200000, 0x0000000707400000, 0x0000000707400000|100%| O|  |TAMS 0x0000000707200000| PB 0x0000000707200000| Untracked 
|  21|0x0000000707400000, 0x0000000707600000, 0x0000000707600000|100%| O|  |TAMS 0x0000000707400000| PB 0x0000000707400000| Untracked 
|  22|0x0000000707600000, 0x0000000707800000, 0x0000000707800000|100%| O|Cm|TAMS 0x0000000707600000| PB 0x0000000707600000| Complete 
|  23|0x0000000707800000, 0x0000000707a00000, 0x0000000707a00000|100%| O|  |TAMS 0x0000000707800000| PB 0x0000000707800000| Untracked 
|  24|0x0000000707a00000, 0x0000000707c00000, 0x0000000707c00000|100%| O|  |TAMS 0x0000000707a00000| PB 0x0000000707a00000| Untracked 
|  25|0x0000000707c00000, 0x0000000707e00000, 0x0000000707e00000|100%| O|  |TAMS 0x0000000707c00000| PB 0x0000000707c00000| Untracked 
|  26|0x0000000707e00000, 0x0000000708000000, 0x0000000708000000|100%| O|  |TAMS 0x0000000707e00000| PB 0x0000000707e00000| Untracked 
|  27|0x0000000708000000, 0x0000000708200000, 0x0000000708200000|100%| O|Cm|TAMS 0x0000000708000000| PB 0x0000000708000000| Complete 
|  28|0x0000000708200000, 0x0000000708400000, 0x0000000708400000|100%| O|  |TAMS 0x0000000708200000| PB 0x0000000708200000| Untracked 
|  29|0x0000000708400000, 0x0000000708600000, 0x0000000708600000|100%| O|  |TAMS 0x0000000708400000| PB 0x0000000708400000| Untracked 
|  30|0x0000000708600000, 0x0000000708800000, 0x0000000708800000|100%| O|  |TAMS 0x0000000708600000| PB 0x0000000708600000| Untracked 
|  31|0x0000000708800000, 0x0000000708a00000, 0x0000000708a00000|100%| O|  |TAMS 0x0000000708800000| PB 0x0000000708800000| Untracked 
|  32|0x0000000708a00000, 0x0000000708c00000, 0x0000000708c00000|100%| O|  |TAMS 0x0000000708a00000| PB 0x0000000708a00000| Untracked 
|  33|0x0000000708c00000, 0x0000000708e00000, 0x0000000708e00000|100%| O|  |TAMS 0x0000000708c00000| PB 0x0000000708c00000| Untracked 
|  34|0x0000000708e00000, 0x0000000709000000, 0x0000000709000000|100%| O|  |TAMS 0x0000000708e00000| PB 0x0000000708e00000| Untracked 
|  35|0x0000000709000000, 0x0000000709200000, 0x0000000709200000|100%| O|  |TAMS 0x0000000709000000| PB 0x0000000709000000| Untracked 
|  36|0x0000000709200000, 0x0000000709400000, 0x0000000709400000|100%| O|  |TAMS 0x0000000709200000| PB 0x0000000709200000| Untracked 
|  37|0x0000000709400000, 0x0000000709600000, 0x0000000709600000|100%| O|  |TAMS 0x0000000709400000| PB 0x0000000709400000| Untracked 
|  38|0x0000000709600000, 0x0000000709800000, 0x0000000709800000|100%| O|  |TAMS 0x0000000709600000| PB 0x0000000709600000| Untracked 
|  39|0x0000000709800000, 0x0000000709a00000, 0x0000000709a00000|100%| O|  |TAMS 0x0000000709800000| PB 0x0000000709800000| Untracked 
|  40|0x0000000709a00000, 0x0000000709c00000, 0x0000000709c00000|100%| O|  |TAMS 0x0000000709a00000| PB 0x0000000709a00000| Untracked 
|  41|0x0000000709c00000, 0x0000000709c6ac80, 0x0000000709e00000| 20%| O|  |TAMS 0x0000000709c00000| PB 0x0000000709c00000| Untracked 
|  42|0x0000000709e00000, 0x0000000709e00000, 0x000000070a000000|  0%| F|  |TAMS 0x0000000709e00000| PB 0x0000000709e00000| Untracked 
|  43|0x000000070a000000, 0x000000070a000000, 0x000000070a200000|  0%| F|  |TAMS 0x000000070a000000| PB 0x000000070a000000| Untracked 
|  44|0x000000070a200000, 0x000000070a200000, 0x000000070a400000|  0%| F|  |TAMS 0x000000070a200000| PB 0x000000070a200000| Untracked 
|  45|0x000000070a400000, 0x000000070a400000, 0x000000070a600000|  0%| F|  |TAMS 0x000000070a400000| PB 0x000000070a400000| Untracked 
|  46|0x000000070a600000, 0x000000070a600000, 0x000000070a800000|  0%| F|  |TAMS 0x000000070a600000| PB 0x000000070a600000| Untracked 
|  47|0x000000070a800000, 0x000000070a800000, 0x000000070aa00000|  0%| F|  |TAMS 0x000000070a800000| PB 0x000000070a800000| Untracked 
|  48|0x000000070aa00000, 0x000000070ac00000, 0x000000070ac00000|100%| S|CS|TAMS 0x000000070aa00000| PB 0x000000070aa00000| Complete 
|  49|0x000000070ac00000, 0x000000070ae00000, 0x000000070ae00000|100%| S|CS|TAMS 0x000000070ac00000| PB 0x000000070ac00000| Complete 
|  50|0x000000070ae00000, 0x000000070b000000, 0x000000070b000000|100%| S|CS|TAMS 0x000000070ae00000| PB 0x000000070ae00000| Complete 
|  51|0x000000070b000000, 0x000000070b200000, 0x000000070b200000|100%| S|CS|TAMS 0x000000070b000000| PB 0x000000070b000000| Complete 
|  52|0x000000070b200000, 0x000000070b400000, 0x000000070b400000|100%| S|CS|TAMS 0x000000070b200000| PB 0x000000070b200000| Complete 
|  53|0x000000070b400000, 0x000000070b400000, 0x000000070b600000|  0%| F|  |TAMS 0x000000070b400000| PB 0x000000070b400000| Untracked 
|  54|0x000000070b600000, 0x000000070b600000, 0x000000070b800000|  0%| F|  |TAMS 0x000000070b600000| PB 0x000000070b600000| Untracked 
|  55|0x000000070b800000, 0x000000070b800000, 0x000000070ba00000|  0%| F|  |TAMS 0x000000070b800000| PB 0x000000070b800000| Untracked 
|  56|0x000000070ba00000, 0x000000070ba00000, 0x000000070bc00000|  0%| F|  |TAMS 0x000000070ba00000| PB 0x000000070ba00000| Untracked 
|  57|0x000000070bc00000, 0x000000070bc00000, 0x000000070be00000|  0%| F|  |TAMS 0x000000070bc00000| PB 0x000000070bc00000| Untracked 
|  58|0x000000070be00000, 0x000000070be00000, 0x000000070c000000|  0%| F|  |TAMS 0x000000070be00000| PB 0x000000070be00000| Untracked 
|  59|0x000000070c000000, 0x000000070c000000, 0x000000070c200000|  0%| F|  |TAMS 0x000000070c000000| PB 0x000000070c000000| Untracked 
|  60|0x000000070c200000, 0x000000070c200000, 0x000000070c400000|  0%| F|  |TAMS 0x000000070c200000| PB 0x000000070c200000| Untracked 
|  61|0x000000070c400000, 0x000000070c400000, 0x000000070c600000|  0%| F|  |TAMS 0x000000070c400000| PB 0x000000070c400000| Untracked 
|  62|0x000000070c600000, 0x000000070c600000, 0x000000070c800000|  0%| F|  |TAMS 0x000000070c600000| PB 0x000000070c600000| Untracked 
|  63|0x000000070c800000, 0x000000070c800000, 0x000000070ca00000|  0%| F|  |TAMS 0x000000070c800000| PB 0x000000070c800000| Untracked 
|  64|0x000000070ca00000, 0x000000070ca00000, 0x000000070cc00000|  0%| F|  |TAMS 0x000000070ca00000| PB 0x000000070ca00000| Untracked 
|  65|0x000000070cc00000, 0x000000070cc00000, 0x000000070ce00000|  0%| F|  |TAMS 0x000000070cc00000| PB 0x000000070cc00000| Untracked 
|  66|0x000000070ce00000, 0x000000070ce00000, 0x000000070d000000|  0%| F|  |TAMS 0x000000070ce00000| PB 0x000000070ce00000| Untracked 
|  67|0x000000070d000000, 0x000000070d000000, 0x000000070d200000|  0%| F|  |TAMS 0x000000070d000000| PB 0x000000070d000000| Untracked 
|  68|0x000000070d200000, 0x000000070d200000, 0x000000070d400000|  0%| F|  |TAMS 0x000000070d200000| PB 0x000000070d200000| Untracked 
|  69|0x000000070d400000, 0x000000070d400000, 0x000000070d600000|  0%| F|  |TAMS 0x000000070d400000| PB 0x000000070d400000| Untracked 
|  70|0x000000070d600000, 0x000000070d600000, 0x000000070d800000|  0%| F|  |TAMS 0x000000070d600000| PB 0x000000070d600000| Untracked 
|  71|0x000000070d800000, 0x000000070d800000, 0x000000070da00000|  0%| F|  |TAMS 0x000000070d800000| PB 0x000000070d800000| Untracked 
|  72|0x000000070da00000, 0x000000070da00000, 0x000000070dc00000|  0%| F|  |TAMS 0x000000070da00000| PB 0x000000070da00000| Untracked 
|  73|0x000000070dc00000, 0x000000070dc00000, 0x000000070de00000|  0%| F|  |TAMS 0x000000070dc00000| PB 0x000000070dc00000| Untracked 
|  74|0x000000070de00000, 0x000000070de1d570, 0x000000070e000000|  5%| E|  |TAMS 0x000000070de00000| PB 0x000000070de00000| Complete 
|  75|0x000000070e000000, 0x000000070e200000, 0x000000070e200000|100%| E|CS|TAMS 0x000000070e000000| PB 0x000000070e000000| Complete 
|  76|0x000000070e200000, 0x000000070e400000, 0x000000070e400000|100%| E|CS|TAMS 0x000000070e200000| PB 0x000000070e200000| Complete 
|  77|0x000000070e400000, 0x000000070e600000, 0x000000070e600000|100%| E|CS|TAMS 0x000000070e400000| PB 0x000000070e400000| Complete 
|  78|0x000000070e600000, 0x000000070e800000, 0x000000070e800000|100%| E|CS|TAMS 0x000000070e600000| PB 0x000000070e600000| Complete 
|  79|0x000000070e800000, 0x000000070ea00000, 0x000000070ea00000|100%| E|CS|TAMS 0x000000070e800000| PB 0x000000070e800000| Complete 
|  80|0x000000070ea00000, 0x000000070ec00000, 0x000000070ec00000|100%| E|CS|TAMS 0x000000070ea00000| PB 0x000000070ea00000| Complete 
|  81|0x000000070ec00000, 0x000000070ee00000, 0x000000070ee00000|100%| E|CS|TAMS 0x000000070ec00000| PB 0x000000070ec00000| Complete 
|  82|0x000000070ee00000, 0x000000070f000000, 0x000000070f000000|100%| E|CS|TAMS 0x000000070ee00000| PB 0x000000070ee00000| Complete 
|  83|0x000000070f000000, 0x000000070f200000, 0x000000070f200000|100%| E|CS|TAMS 0x000000070f000000| PB 0x000000070f000000| Complete 
|  84|0x000000070f200000, 0x000000070f400000, 0x000000070f400000|100%| E|CS|TAMS 0x000000070f200000| PB 0x000000070f200000| Complete 
|  85|0x000000070f400000, 0x000000070f600000, 0x000000070f600000|100%| E|CS|TAMS 0x000000070f400000| PB 0x000000070f400000| Complete 
| 109|0x0000000712400000, 0x0000000712600000, 0x0000000712600000|100%| E|CS|TAMS 0x0000000712400000| PB 0x0000000712400000| Complete 
| 110|0x0000000712600000, 0x0000000712800000, 0x0000000712800000|100%| E|CS|TAMS 0x0000000712600000| PB 0x0000000712600000| Complete 
| 111|0x0000000712800000, 0x0000000712a00000, 0x0000000712a00000|100%| E|CS|TAMS 0x0000000712800000| PB 0x0000000712800000| Complete 
| 125|0x0000000714400000, 0x0000000714600000, 0x0000000714600000|100%| E|CS|TAMS 0x0000000714400000| PB 0x0000000714400000| Complete 

Card table byte_map: [0x000002527a7e0000,0x000002527afc0000] _byte_map_base: 0x0000025276fbb000

Marking Bits: (CMBitMap*) 0x00000252679be610
 Bits: [0x000002527afc0000, 0x000002527ee98000)

Polling page: 0x0000025265a00000

Metaspace:

Usage:
  Non-class:     55.85 MB used.
      Class:      6.91 MB used.
       Both:     62.76 MB used.

Virtual space:
  Non-class space:       64.00 MB reserved,      56.00 MB ( 88%) committed,  1 nodes.
      Class space:        1.00 GB reserved,       7.06 MB ( <1%) committed,  1 nodes.
             Both:        1.06 GB reserved,      63.06 MB (  6%) committed. 

Chunk freelists:
   Non-Class:  7.47 MB
       Class:  8.97 MB
        Both:  16.44 MB

MaxMetaspaceSize: unlimited
CompressedClassSpaceSize: 1.00 GB
Initial GC threshold: 21.00 MB
Current GC threshold: 98.75 MB
CDS: off
 - commit_granule_bytes: 65536.
 - commit_granule_words: 8192.
 - virtual_space_node_default_size: 8388608.
 - enlarge_chunks_in_place: 1.
 - use_allocation_guard: 0.


Internal statistics:

num_allocs_failed_limit: 12.
num_arena_births: 284.
num_arena_deaths: 0.
num_vsnodes_births: 2.
num_vsnodes_deaths: 0.
num_space_committed: 1007.
num_space_uncommitted: 0.
num_chunks_returned_to_freelist: 12.
num_chunks_taken_from_freelist: 2199.
num_chunk_merges: 9.
num_chunk_splits: 1858.
num_chunks_enlarged: 1689.
num_inconsistent_stats: 0.

CodeHeap 'non-profiled nmethods': size=120000Kb used=7288Kb max_used=7288Kb free=112711Kb
 bounds [0x0000025272580000, 0x0000025272ca0000, 0x0000025279ab0000]
CodeHeap 'profiled nmethods': size=120000Kb used=37999Kb max_used=37999Kb free=82000Kb
 bounds [0x000002526aab0000, 0x000002526cfd0000, 0x0000025271fe0000]
CodeHeap 'non-nmethods': size=5760Kb used=1674Kb max_used=1718Kb free=4085Kb
 bounds [0x0000025271fe0000, 0x0000025272250000, 0x0000025272580000]
CodeCache: size=245760Kb, used=46961Kb, max_used=47005Kb, free=198796Kb
 total_blobs=10981, nmethods=10272, adapters=611, full_count=0
Compilation: enabled, stopped_count=0, restarted_count=0

Compilation events (20 events):
Event: 7.326 Thread 0x00000252060d15b0 nmethod 10561 0x000002526cfa7390 code [0x000002526cfa7540, 0x000002526cfa7720]
Event: 7.327 Thread 0x00000252060d15b0 10563       3       org.jetbrains.kotlin.fir.scopes.impl.FirDeclaredMemberScopeProviderKt::lazyNestedClassifierScope (40 bytes)
Event: 7.328 Thread 0x00000252060d15b0 nmethod 10563 0x000002526cfa7810 code [0x000002526cfa7b40, 0x000002526cfa8b98]
Event: 7.328 Thread 0x00000252060d15b0 10566       3       org.jetbrains.kotlin.fir.visitors.FirVisitor::visitCallableReferenceAccess (17 bytes)
Event: 7.328 Thread 0x00000252060d15b0 nmethod 10566 0x000002526cfa9110 code [0x000002526cfa9340, 0x000002526cfa99e8]
Event: 7.328 Thread 0x00000252060d15b0 10564       3       org.jetbrains.kotlin.fir.analysis.checkers.declaration.FirContextReceiversDeclarationChecker::getContextReceiver (40 bytes)
Event: 7.328 Thread 0x00000252060d15b0 nmethod 10564 0x000002526cfa9c90 code [0x000002526cfa9ea0, 0x000002526cfaa640]
Event: 7.328 Thread 0x00000252060d15b0 10565       3       org.jetbrains.kotlin.fir.expressions.FirVariableAssignment::accept (13 bytes)
Event: 7.329 Thread 0x00000252060d15b0 nmethod 10565 0x000002526cfaa790 code [0x000002526cfaa9c0, 0x000002526cfab068]
Event: 7.329 Thread 0x00000252060d15b0 10567   !   3       org.jetbrains.kotlin.fir.analysis.collectors.AbstractDiagnosticCollectorVisitor::visitAnonymousFunction (391 bytes)
Event: 7.332 Thread 0x00000252060d15b0 nmethod 10567 0x000002526cfab310 code [0x000002526cfabe80, 0x000002526cfb21a0]
Event: 7.332 Thread 0x00000252060d15b0 10562       3       org.jetbrains.kotlin.fir.expressions.FirDelegatedConstructorCall::accept (13 bytes)
Event: 7.333 Thread 0x00000252060d15b0 nmethod 10562 0x000002526cfb5e10 code [0x000002526cfb6040, 0x000002526cfb66e8]
Event: 7.333 Thread 0x00000252060d15b0 10568       3       org.jetbrains.kotlin.fir.expressions.FirSmartCastExpression::accept (13 bytes)
Event: 7.333 Thread 0x00000252060d15b0 nmethod 10568 0x000002526cfb6990 code [0x000002526cfb6bc0, 0x000002526cfb7268]
Event: 7.333 Thread 0x0000025209782fc0 nmethod 10500 0x0000025272c91710 code [0x0000025272c91940, 0x0000025272c928d8]
Event: 7.333 Thread 0x0000025209782fc0 10542       4       org.jetbrains.kotlin.fir.types.ConeTypeUtilsKt::contains (302 bytes)
Event: 7.335 Thread 0x00000252060d15b0 10570       3       org.jetbrains.kotlin.fir.analysis.collectors.AbstractDiagnosticCollectorVisitor::visitPropertyAccessor (13 bytes)
Event: 7.335 Thread 0x00000252060d15b0 nmethod 10570 0x000002526cfb7510 code [0x000002526cfb76c0, 0x000002526cfb7978]
Event: 7.335 Thread 0x00000252060d15b0 10571   !   3       org.jetbrains.kotlin.fir.analysis.collectors.AbstractDiagnosticCollectorVisitor::visitPropertyAccessor (438 bytes)

GC Heap History (20 events):
Event: 1.656 GC heap before
{Heap before GC invocations=5 (full 0):
 garbage-first heap   total 47104K, used 34882K [0x0000000704a00000, 0x0000000800000000)
  region size 2048K, 10 young (20480K), 2 survivors (4096K)
 Metaspace       used 33155K, committed 33408K, reserved 1114112K
  class space    used 4133K, committed 4224K, reserved 1048576K
}
Event: 1.659 GC heap after
{Heap after GC invocations=6 (full 0):
 garbage-first heap   total 47104K, used 19389K [0x0000000704a00000, 0x0000000800000000)
  region size 2048K, 2 young (4096K), 2 survivors (4096K)
 Metaspace       used 33155K, committed 33408K, reserved 1114112K
  class space    used 4133K, committed 4224K, reserved 1048576K
}
Event: 1.829 GC heap before
{Heap before GC invocations=6 (full 0):
 garbage-first heap   total 47104K, used 29629K [0x0000000704a00000, 0x0000000800000000)
  region size 2048K, 8 young (16384K), 2 survivors (4096K)
 Metaspace       used 35746K, committed 35968K, reserved 1114112K
  class space    used 4419K, committed 4544K, reserved 1048576K
}
Event: 1.833 GC heap after
{Heap after GC invocations=7 (full 0):
 garbage-first heap   total 47104K, used 20465K [0x0000000704a00000, 0x0000000800000000)
  region size 2048K, 2 young (4096K), 2 survivors (4096K)
 Metaspace       used 35746K, committed 35968K, reserved 1114112K
  class space    used 4419K, committed 4544K, reserved 1048576K
}
Event: 2.091 GC heap before
{Heap before GC invocations=8 (full 0):
 garbage-first heap   total 47104K, used 34801K [0x0000000704a00000, 0x0000000800000000)
  region size 2048K, 10 young (20480K), 2 survivors (4096K)
 Metaspace       used 39804K, committed 40064K, reserved 1114112K
  class space    used 4822K, committed 4928K, reserved 1048576K
}
Event: 2.095 GC heap after
{Heap after GC invocations=9 (full 0):
 garbage-first heap   total 153600K, used 21440K [0x0000000704a00000, 0x0000000800000000)
  region size 2048K, 1 young (2048K), 1 survivors (2048K)
 Metaspace       used 39804K, committed 40064K, reserved 1114112K
  class space    used 4822K, committed 4928K, reserved 1048576K
}
Event: 3.232 GC heap before
{Heap before GC invocations=9 (full 0):
 garbage-first heap   total 153600K, used 109504K [0x0000000704a00000, 0x0000000800000000)
  region size 2048K, 45 young (92160K), 1 survivors (2048K)
 Metaspace       used 50098K, committed 50368K, reserved 1114112K
  class space    used 5835K, committed 5952K, reserved 1048576K
}
Event: 3.246 GC heap after
{Heap after GC invocations=10 (full 0):
 garbage-first heap   total 153600K, used 41310K [0x0000000704a00000, 0x0000000800000000)
  region size 2048K, 6 young (12288K), 6 survivors (12288K)
 Metaspace       used 50098K, committed 50368K, reserved 1114112K
  class space    used 5835K, committed 5952K, reserved 1048576K
}
Event: 3.863 GC heap before
{Heap before GC invocations=10 (full 0):
 garbage-first heap   total 153600K, used 106846K [0x0000000704a00000, 0x0000000800000000)
  region size 2048K, 38 young (77824K), 6 survivors (12288K)
 Metaspace       used 54892K, committed 55232K, reserved 1114112K
  class space    used 6355K, committed 6528K, reserved 1048576K
}
Event: 3.879 GC heap after
{Heap after GC invocations=11 (full 0):
 garbage-first heap   total 153600K, used 57232K [0x0000000704a00000, 0x0000000800000000)
  region size 2048K, 5 young (10240K), 5 survivors (10240K)
 Metaspace       used 54892K, committed 55232K, reserved 1114112K
  class space    used 6355K, committed 6528K, reserved 1048576K
}
Event: 4.668 GC heap before
{Heap before GC invocations=11 (full 0):
 garbage-first heap   total 153600K, used 112528K [0x0000000704a00000, 0x0000000800000000)
  region size 2048K, 32 young (65536K), 5 survivors (10240K)
 Metaspace       used 57751K, committed 58112K, reserved 1114112K
  class space    used 6630K, committed 6784K, reserved 1048576K
}
Event: 4.680 GC heap after
{Heap after GC invocations=12 (full 0):
 garbage-first heap   total 153600K, used 67584K [0x0000000704a00000, 0x0000000800000000)
  region size 2048K, 4 young (8192K), 4 survivors (8192K)
 Metaspace       used 57751K, committed 58112K, reserved 1114112K
  class space    used 6630K, committed 6784K, reserved 1048576K
}
Event: 5.199 GC heap before
{Heap before GC invocations=12 (full 0):
 garbage-first heap   total 153600K, used 120832K [0x0000000704a00000, 0x0000000800000000)
  region size 2048K, 30 young (61440K), 4 survivors (8192K)
 Metaspace       used 58585K, committed 58880K, reserved 1114112K
  class space    used 6654K, committed 6784K, reserved 1048576K
}
Event: 5.210 GC heap after
{Heap after GC invocations=13 (full 0):
 garbage-first heap   total 184320K, used 77824K [0x0000000704a00000, 0x0000000800000000)
  region size 2048K, 4 young (8192K), 4 survivors (8192K)
 Metaspace       used 58585K, committed 58880K, reserved 1114112K
  class space    used 6654K, committed 6784K, reserved 1048576K
}
Event: 6.013 GC heap before
{Heap before GC invocations=13 (full 0):
 garbage-first heap   total 184320K, used 145408K [0x0000000704a00000, 0x0000000800000000)
  region size 2048K, 37 young (75776K), 4 survivors (8192K)
 Metaspace       used 59330K, committed 59648K, reserved 1114112K
  class space    used 6684K, committed 6848K, reserved 1048576K
}
Event: 6.021 GC heap after
{Heap after GC invocations=14 (full 0):
 garbage-first heap   total 184320K, used 84240K [0x0000000704a00000, 0x0000000800000000)
  region size 2048K, 3 young (6144K), 3 survivors (6144K)
 Metaspace       used 59330K, committed 59648K, reserved 1114112K
  class space    used 6684K, committed 6848K, reserved 1048576K
}
Event: 6.152 GC heap before
{Heap before GC invocations=14 (full 0):
 garbage-first heap   total 184320K, used 94480K [0x0000000704a00000, 0x0000000800000000)
  region size 2048K, 9 young (18432K), 3 survivors (6144K)
 Metaspace       used 59822K, committed 60160K, reserved 1114112K
  class space    used 6723K, committed 6912K, reserved 1048576K
}
Event: 6.156 GC heap after
{Heap after GC invocations=15 (full 0):
 garbage-first heap   total 184320K, used 84419K [0x0000000704a00000, 0x0000000800000000)
  region size 2048K, 3 young (6144K), 3 survivors (6144K)
 Metaspace       used 59822K, committed 60160K, reserved 1114112K
  class space    used 6723K, committed 6912K, reserved 1048576K
}
Event: 7.162 GC heap before
{Heap before GC invocations=16 (full 0):
 garbage-first heap   total 184320K, used 154051K [0x0000000704a00000, 0x0000000800000000)
  region size 2048K, 37 young (75776K), 3 survivors (6144K)
 Metaspace       used 63614K, committed 63872K, reserved 1114112K
  class space    used 7024K, committed 7168K, reserved 1048576K
}
Event: 7.172 GC heap after
{Heap after GC invocations=17 (full 0):
 garbage-first heap   total 184320K, used 94635K [0x0000000704a00000, 0x0000000800000000)
  region size 2048K, 5 young (10240K), 5 survivors (10240K)
 Metaspace       used 63614K, committed 63872K, reserved 1114112K
  class space    used 7024K, committed 7168K, reserved 1048576K
}

Dll operation events (3 events):
Event: 0.018 Loaded shared library C:\Program Files\Android\Android Studio\jbr\bin\java.dll
Event: 0.027 Loaded shared library C:\Program Files\Android\Android Studio\jbr\bin\zip.dll
Event: 1.068 Loaded shared library C:\Program Files\Android\Android Studio\jbr\bin\verify.dll

Deoptimization events (20 events):
Event: 7.068 Thread 0x000002526565ec90 DEOPT PACKING pc=0x00000252728e50ec sp=0x0000007bce9fb3e0
Event: 7.068 Thread 0x000002526565ec90 DEOPT UNPACKING pc=0x00000252720346a2 sp=0x0000007bce9fb3f8 mode 2
Event: 7.089 Thread 0x000002526565ec90 Uncommon trap: trap_request=0xffffff45 fr.pc=0x0000025272998388 relative=0x0000000000007f48
Event: 7.089 Thread 0x000002526565ec90 Uncommon trap: reason=unstable_if action=reinterpret pc=0x0000025272998388 method=org.jetbrains.org.objectweb.asm.ClassReader.readMethod(Lorg/jetbrains/org/objectweb/asm/ClassVisitor;Lorg/jetbrains/org/objectweb/asm/Context;I)I @ 595 c2
Event: 7.089 Thread 0x000002526565ec90 DEOPT PACKING pc=0x0000025272998388 sp=0x0000007bce9fab10
Event: 7.089 Thread 0x000002526565ec90 DEOPT UNPACKING pc=0x00000252720346a2 sp=0x0000007bce9faaf8 mode 2
Event: 7.124 Thread 0x000002526565ec90 Uncommon trap: trap_request=0xffffff45 fr.pc=0x000002527295b9ac relative=0x000000000000008c
Event: 7.124 Thread 0x000002526565ec90 Uncommon trap: reason=unstable_if action=reinterpret pc=0x000002527295b9ac method=org.jetbrains.kotlin.fir.types.ConeTypeContext.asDefinitelyNotNullType(Lorg/jetbrains/kotlin/types/model/SimpleTypeMarker;)Lorg/jetbrains/kotlin/types/model/DefinitelyNotNul
Event: 7.124 Thread 0x000002526565ec90 DEOPT PACKING pc=0x000002527295b9ac sp=0x0000007bce9fc290
Event: 7.124 Thread 0x000002526565ec90 DEOPT UNPACKING pc=0x00000252720346a2 sp=0x0000007bce9fc228 mode 2
Event: 7.141 Thread 0x000002526565ec90 Uncommon trap: trap_request=0xffffffde fr.pc=0x0000025272924f68 relative=0x00000000000017c8
Event: 7.141 Thread 0x000002526565ec90 Uncommon trap: reason=class_check action=maybe_recompile pc=0x0000025272924f68 method=org.jetbrains.org.objectweb.asm.ClassReader.readElementValue(Lorg/jetbrains/org/objectweb/asm/AnnotationVisitor;ILjava/lang/String;[C)I @ 593 c2
Event: 7.141 Thread 0x000002526565ec90 DEOPT PACKING pc=0x0000025272924f68 sp=0x0000007bce9fa5e0
Event: 7.141 Thread 0x000002526565ec90 DEOPT UNPACKING pc=0x00000252720346a2 sp=0x0000007bce9fa550 mode 2
Event: 7.141 Thread 0x000002526565ec90 Uncommon trap: trap_request=0xffffffde fr.pc=0x0000025272924f68 relative=0x00000000000017c8
Event: 7.141 Thread 0x000002526565ec90 Uncommon trap: reason=class_check action=maybe_recompile pc=0x0000025272924f68 method=org.jetbrains.org.objectweb.asm.ClassReader.readElementValue(Lorg/jetbrains/org/objectweb/asm/AnnotationVisitor;ILjava/lang/String;[C)I @ 593 c2
Event: 7.141 Thread 0x000002526565ec90 DEOPT PACKING pc=0x0000025272924f68 sp=0x0000007bce9fa5e0
Event: 7.141 Thread 0x000002526565ec90 DEOPT UNPACKING pc=0x00000252720346a2 sp=0x0000007bce9fa550 mode 2
Event: 7.244 Thread 0x000002526565ec90 DEOPT PACKING pc=0x0000025272c16e60 sp=0x0000007bce9fe080
Event: 7.244 Thread 0x000002526565ec90 DEOPT UNPACKING pc=0x0000025272034e42 sp=0x0000007bce9fd558 mode 0

Classes loaded (20 events):
Event: 6.256 Loading class java/text/MessageFormat
Event: 6.257 Loading class java/text/Format
Event: 6.257 Loading class java/text/Format done
Event: 6.257 Loading class java/text/MessageFormat done
Event: 6.257 Loading class java/util/Locale$Category
Event: 6.257 Loading class java/util/Locale$Category done
Event: 6.287 Loading class java/text/ChoiceFormat
Event: 6.287 Loading class java/text/NumberFormat
Event: 6.287 Loading class java/text/NumberFormat done
Event: 6.287 Loading class java/text/ChoiceFormat done
Event: 6.307 Loading class java/util/RegularEnumSet$EnumSetIterator
Event: 6.307 Loading class java/util/RegularEnumSet$EnumSetIterator done
Event: 6.400 Loading class java/util/EnumMap$EntrySet
Event: 6.400 Loading class java/util/EnumMap$EntrySet done
Event: 6.400 Loading class java/util/EnumMap$EntryIterator
Event: 6.400 Loading class java/util/EnumMap$EnumMapIterator
Event: 6.400 Loading class java/util/EnumMap$EnumMapIterator done
Event: 6.400 Loading class java/util/EnumMap$EntryIterator done
Event: 6.400 Loading class java/util/EnumMap$EntryIterator$Entry
Event: 6.400 Loading class java/util/EnumMap$EntryIterator$Entry done

Classes unloaded (0 events):
No events

Classes redefined (0 events):
No events

Internal exceptions (20 events):
Event: 3.653 Thread 0x000002526565ec90 Exception <a 'java/lang/NoSuchMethodError'{0x000000070b3effc8}: 'java.lang.Object java.lang.invoke.Invokers$Holder.linkToTargetMethod(java.lang.Object, java.lang.Object, java.lang.Object, int, java.lang.Object)'> (0x000000070b3effc8) 
thrown [s\src\hotspot\share\interpreter\linkResolver.cpp, line 784]
Event: 3.703 Thread 0x000002526565ec90 Exception <a 'java/lang/NoSuchMethodError'{0x000000070b1e13e0}: 'java.lang.Object java.lang.invoke.DirectMethodHandle$Holder.invokeSpecial(java.lang.Object, java.lang.Object, int, java.lang.Object, java.lang.Object)'> (0x000000070b1e13e0) 
thrown [s\src\hotspot\share\interpreter\linkResolver.cpp, line 784]
Event: 3.710 Thread 0x000002526565ec90 Exception <a 'java/lang/NoSuchMethodError'{0x000000070ae41900}: 'java.lang.Object java.lang.invoke.DirectMethodHandle$Holder.newInvokeSpecial(java.lang.Object, java.lang.Object, java.lang.Object, java.lang.Object, int, java.lang.Object, java.lang.Object)'> (0x000000070ae41900) 
thrown [s\src\hotspot\share\interpreter\linkResolver.cpp, line 784]
Event: 3.711 Thread 0x000002526565ec90 Exception <a 'java/lang/NoSuchMethodError'{0x000000070ae49ae0}: 'java.lang.Object java.lang.invoke.Invokers$Holder.linkToTargetMethod(java.lang.Object, java.lang.Object, java.lang.Object, int, java.lang.Object, java.lang.Object, java.lang.Object)'> (0x000000070ae49ae0) 
thrown [s\src\hotspot\share\interpreter\linkResolver.cpp, line 784]
Event: 3.912 Thread 0x000002526565ec90 Exception <a 'java/lang/NoSuchMethodError'{0x000000071291c7a8}: 'java.lang.Object java.lang.invoke.DirectMethodHandle$Holder.newInvokeSpecial(java.lang.Object, java.lang.Object, java.lang.Object, java.lang.Object, java.lang.Object, java.lang.Object, java.lang.Object, java.lang.Object, java.lang.Object)'> (0x000000071291c7a8) 
thrown [s\src\hotspot\share\interpreter\linkResolver.cpp, line 784]
Event: 3.913 Thread 0x000002526565ec90 Exception <a 'java/lang/NoSuchMethodError'{0x0000000712930700}: 'java.lang.Object java.lang.invoke.DirectMethodHandle$Holder.newInvokeSpecial(java.lang.Object, java.lang.Object, java.lang.Object, int)'> (0x0000000712930700) 
thrown [s\src\hotspot\share\interpreter\linkResolver.cpp, line 784]
Event: 3.913 Thread 0x000002526565ec90 Exception <a 'java/lang/NoSuchMethodError'{0x0000000712934560}: 'java.lang.Object java.lang.invoke.DirectMethodHandle$Holder.invokeSpecial(java.lang.Object, java.lang.Object, java.lang.Object, java.lang.Object, int)'> (0x0000000712934560) 
thrown [s\src\hotspot\share\interpreter\linkResolver.cpp, line 784]
Event: 3.913 Thread 0x000002526565ec90 Exception <a 'java/lang/NoSuchMethodError'{0x0000000712937ca8}: 'java.lang.Object java.lang.invoke.Invokers$Holder.linkToTargetMethod(java.lang.Object, java.lang.Object, int, java.lang.Object)'> (0x0000000712937ca8) 
thrown [s\src\hotspot\share\interpreter\linkResolver.cpp, line 784]
Event: 3.914 Thread 0x000002526565ec90 Exception <a 'java/lang/NoSuchMethodError'{0x0000000712946fa0}: 'java.lang.Object java.lang.invoke.DirectMethodHandle$Holder.newInvokeSpecial(java.lang.Object, int, java.lang.Object)'> (0x0000000712946fa0) 
thrown [s\src\hotspot\share\interpreter\linkResolver.cpp, line 784]
Event: 3.918 Thread 0x000002526565ec90 Exception <a 'java/lang/NoSuchMethodError'{0x000000071297c440}: 'java.lang.Object java.lang.invoke.DirectMethodHandle$Holder.invokeStatic(java.lang.Object, int, java.lang.Object, java.lang.Object)'> (0x000000071297c440) 
thrown [s\src\hotspot\share\interpreter\linkResolver.cpp, line 784]
Event: 4.141 Thread 0x000002526565ec90 Exception <a 'java/lang/NoSuchMethodError'{0x000000070d02c2a8}: 'java.lang.Object java.lang.invoke.DirectMethodHandle$Holder.invokeStatic(java.lang.Object, java.lang.Object, java.lang.Object, int, java.lang.Object, java.lang.Object)'> (0x000000070d02c2a8) 
thrown [s\src\hotspot\share\interpreter\linkResolver.cpp, line 784]
Event: 4.224 Thread 0x000002526565ec90 Exception <a 'java/lang/NoSuchMethodError'{0x000000070caabf18}: 'java.lang.Object java.lang.invoke.DirectMethodHandle$Holder.newInvokeSpecial(java.lang.Object, java.lang.Object, java.lang.Object, java.lang.Object, java.lang.Object, int)'> (0x000000070caabf18) 
thrown [s\src\hotspot\share\interpreter\linkResolver.cpp, line 784]
Event: 4.224 Thread 0x000002526565ec90 Exception <a 'java/lang/NoSuchMethodError'{0x000000070cab0f10}: 'java.lang.Object java.lang.invoke.DirectMethodHandle$Holder.invokeSpecial(java.lang.Object, java.lang.Object, java.lang.Object, java.lang.Object, java.lang.Object, java.lang.Object, int)'> (0x000000070cab0f10) 
thrown [s\src\hotspot\share\interpreter\linkResolver.cpp, line 784]
Event: 4.224 Thread 0x000002526565ec90 Exception <a 'java/lang/NoSuchMethodError'{0x000000070cab5808}: 'java.lang.Object java.lang.invoke.Invokers$Holder.linkToTargetMethod(java.lang.Object, java.lang.Object, java.lang.Object, java.lang.Object, int, java.lang.Object)'> (0x000000070cab5808) 
thrown [s\src\hotspot\share\interpreter\linkResolver.cpp, line 784]
Event: 4.866 Thread 0x000002526565ec90 Implicit null exception at 0x00000252729b2a74 to 0x00000252729b2eec
Event: 5.994 Thread 0x000002526565ec90 Implicit null exception at 0x0000025272afb54c to 0x0000025272afb904
Event: 6.401 Thread 0x000002526565ec90 Implicit null exception at 0x0000025272600a2f to 0x0000025272600d90
Event: 6.401 Thread 0x000002526565ec90 Implicit null exception at 0x000002527276ece3 to 0x000002527276ee64
Event: 7.012 Thread 0x000002526565ec90 Exception <a 'java/lang/NoSuchMethodError'{0x000000070c62f3f0}: 'java.lang.Object java.lang.invoke.DirectMethodHandle$Holder.invokeSpecial(java.lang.Object, java.lang.Object, java.lang.Object, int, java.lang.Object, java.lang.Object, java.lang.Object)'> (0x000000070c62f3f0) 
thrown [s\src\hotspot\share\interpreter\linkResolver.cpp, line 784]
Event: 7.012 Thread 0x000002526565ec90 Exception <a 'java/lang/NoSuchMethodError'{0x000000070c632a68}: 'java.lang.Object java.lang.invoke.Invokers$Holder.linkToTargetMethod(java.lang.Object, int, java.lang.Object, java.lang.Object, java.lang.Object, java.lang.Object)'> (0x000000070c632a68) 
thrown [s\src\hotspot\share\interpreter\linkResolver.cpp, line 784]

ZGC Phase Switch (0 events):
No events

VM Operations (20 events):
Event: 6.568 Executing VM operation: HandshakeAllThreads (Deoptimize)
Event: 6.568 Executing VM operation: HandshakeAllThreads (Deoptimize) done
Event: 6.634 Executing VM operation: ICBufferFull
Event: 6.635 Executing VM operation: ICBufferFull done
Event: 6.744 Executing VM operation: ICBufferFull
Event: 6.744 Executing VM operation: ICBufferFull done
Event: 6.847 Executing VM operation: ICBufferFull
Event: 6.847 Executing VM operation: ICBufferFull done
Event: 6.976 Executing VM operation: ICBufferFull
Event: 6.977 Executing VM operation: ICBufferFull done
Event: 7.100 Executing VM operation: ICBufferFull
Event: 7.100 Executing VM operation: ICBufferFull done
Event: 7.161 Executing VM operation: G1CollectForAllocation (G1 Evacuation Pause)
Event: 7.172 Executing VM operation: G1CollectForAllocation (G1 Evacuation Pause) done
Event: 7.224 Executing VM operation: HandshakeAllThreads (Deoptimize)
Event: 7.224 Executing VM operation: HandshakeAllThreads (Deoptimize) done
Event: 7.239 Executing VM operation: HandshakeAllThreads (Deoptimize)
Event: 7.239 Executing VM operation: HandshakeAllThreads (Deoptimize) done
Event: 7.240 Executing VM operation: HandshakeAllThreads (Deoptimize)
Event: 7.240 Executing VM operation: HandshakeAllThreads (Deoptimize) done

Memory protections (0 events):
No events

Nmethod flushes (20 events):
Event: 6.196 Thread 0x000002527f2be4b0 flushing  nmethod 0x000002526ac10190
Event: 6.196 Thread 0x000002527f2be4b0 flushing  nmethod 0x000002526acaf710
Event: 6.196 Thread 0x000002527f2be4b0 flushing  nmethod 0x000002526acb0690
Event: 6.196 Thread 0x000002527f2be4b0 flushing  nmethod 0x000002526acb0c10
Event: 6.196 Thread 0x000002527f2be4b0 flushing  nmethod 0x000002526acc3e10
Event: 6.196 Thread 0x000002527f2be4b0 flushing  nmethod 0x000002526acc4310
Event: 6.196 Thread 0x000002527f2be4b0 flushing  nmethod 0x000002526acc5890
Event: 6.196 Thread 0x000002527f2be4b0 flushing  nmethod 0x000002526acc7790
Event: 6.196 Thread 0x000002527f2be4b0 flushing  nmethod 0x000002526acc8c10
Event: 6.196 Thread 0x000002527f2be4b0 flushing  nmethod 0x000002526acc9e90
Event: 6.196 Thread 0x000002527f2be4b0 flushing  nmethod 0x000002526acca390
Event: 6.196 Thread 0x000002527f2be4b0 flushing  nmethod 0x000002526accbc10
Event: 6.196 Thread 0x000002527f2be4b0 flushing osr nmethod 0x000002526accca10
Event: 6.196 Thread 0x000002527f2be4b0 flushing  nmethod 0x000002526acd3490
Event: 6.196 Thread 0x000002527f2be4b0 flushing  nmethod 0x000002526acd3810
Event: 6.196 Thread 0x000002527f2be4b0 flushing  nmethod 0x000002526acd5210
Event: 6.196 Thread 0x000002527f2be4b0 flushing  nmethod 0x000002526ad41e90
Event: 6.196 Thread 0x000002527f2be4b0 flushing  nmethod 0x000002526ad42590
Event: 6.196 Thread 0x000002527f2be4b0 flushing  nmethod 0x000002526ad84c10
Event: 6.196 Thread 0x000002527f2be4b0 flushing  nmethod 0x000002526ad84f90

Events (20 events):
Event: 0.061 Thread 0x000002526565ec90 Thread added: 0x000002520609b4d0
Event: 0.064 Thread 0x000002526565ec90 Thread added: 0x000002520609c530
Event: 0.064 Thread 0x000002526565ec90 Thread added: 0x000002520609cba0
Event: 0.065 Thread 0x000002526565ec90 Thread added: 0x00000252060bafc0
Event: 0.065 Thread 0x000002526565ec90 Thread added: 0x00000252060bb630
Event: 0.065 Thread 0x000002526565ec90 Thread added: 0x00000252060bbca0
Event: 0.065 Thread 0x000002526565ec90 Thread added: 0x00000252060bc310
Event: 0.065 Thread 0x000002526565ec90 Thread added: 0x00000252060d0f00
Event: 0.065 Thread 0x000002526565ec90 Thread added: 0x00000252060d15b0
Event: 0.097 Thread 0x000002526565ec90 Thread added: 0x0000025206270ef0
Event: 0.106 Loaded shared library C:\Program Files\Android\Android Studio\jbr\bin\net.dll
Event: 0.108 Loaded shared library C:\Program Files\Android\Android Studio\jbr\bin\nio.dll
Event: 0.124 Thread 0x00000252060d0f00 Thread added: 0x000002520628ec80
Event: 0.124 Thread 0x00000252060d0f00 Thread added: 0x000002520628f330
Event: 0.134 Loaded shared library C:\Program Files\Android\Android Studio\jbr\bin\zip.dll
Event: 0.172 Loaded shared library C:\Program Files\Android\Android Studio\jbr\bin\jimage.dll
Event: 1.580 Thread 0x000002520628f330 Thread exited: 0x000002520628f330
Event: 1.608 Thread 0x000002520628ec80 Thread exited: 0x000002520628ec80
Event: 2.218 Thread 0x00000252060d15b0 Thread added: 0x0000025209782fc0
Event: 2.264 Thread 0x00000252060d15b0 Thread added: 0x00000252098bdd50


Dynamic libraries:
0x00007ff6452b0000 - 0x00007ff6452ba000 	C:\Program Files\Android\Android Studio\jbr\bin\java.exe
0x00007ffa47420000 - 0x00007ffa47687000 	C:\WINDOWS\SYSTEM32\ntdll.dll
0x00007ffa466c0000 - 0x00007ffa46789000 	C:\WINDOWS\System32\KERNEL32.DLL
0x00007ffa44dc0000 - 0x00007ffa451af000 	C:\WINDOWS\System32\KERNELBASE.dll
0x00007ffa44880000 - 0x00007ffa449cb000 	C:\WINDOWS\System32\ucrtbase.dll
0x00007ffa1ad10000 - 0x00007ffa1ad2b000 	C:\Program Files\Android\Android Studio\jbr\bin\VCRUNTIME140.dll
0x00007ff9bc6a0000 - 0x00007ff9bc6b8000 	C:\Program Files\Android\Android Studio\jbr\bin\jli.dll
0x00007ffa46fc0000 - 0x00007ffa47185000 	C:\WINDOWS\System32\USER32.dll
0x00007ffa22140000 - 0x00007ffa223d3000 	C:\WINDOWS\WinSxS\amd64_microsoft.windows.common-controls_6595b64144ccf1df_6.0.26100.7309_none_3e05feeae336a044\COMCTL32.dll
0x00007ffa446e0000 - 0x00007ffa44707000 	C:\WINDOWS\System32\win32u.dll
0x00007ffa46170000 - 0x00007ffa46219000 	C:\WINDOWS\System32\msvcrt.dll
0x00007ffa45260000 - 0x00007ffa4528b000 	C:\WINDOWS\System32\GDI32.dll
0x00007ffa44c90000 - 0x00007ffa44dbc000 	C:\WINDOWS\System32\gdi32full.dll
0x00007ffa44be0000 - 0x00007ffa44c83000 	C:\WINDOWS\System32\msvcp_win.dll
0x00007ffa45400000 - 0x00007ffa45431000 	C:\WINDOWS\System32\IMM32.DLL
0x00007ffa22730000 - 0x00007ffa2273c000 	C:\Program Files\Android\Android Studio\jbr\bin\vcruntime140_1.dll
0x00007ff9a8e20000 - 0x00007ff9a8ead000 	C:\Program Files\Android\Android Studio\jbr\bin\msvcp140.dll
0x00007ff975b50000 - 0x00007ff9767e6000 	C:\Program Files\Android\Android Studio\jbr\bin\server\jvm.dll
0x00007ffa46090000 - 0x00007ffa46144000 	C:\WINDOWS\System32\ADVAPI32.dll
0x00007ffa472b0000 - 0x00007ffa47356000 	C:\WINDOWS\System32\sechost.dll
0x00007ffa47190000 - 0x00007ffa472a8000 	C:\WINDOWS\System32\RPCRT4.dll
0x00007ffa451e0000 - 0x00007ffa45254000 	C:\WINDOWS\System32\WS2_32.dll
0x00007ffa43140000 - 0x00007ffa4319e000 	C:\WINDOWS\SYSTEM32\POWRPROF.dll
0x00007ffa39d60000 - 0x00007ffa39d95000 	C:\WINDOWS\SYSTEM32\WINMM.dll
0x00007ffa39570000 - 0x00007ffa3957b000 	C:\WINDOWS\SYSTEM32\VERSION.dll
0x00007ffa43120000 - 0x00007ffa43134000 	C:\WINDOWS\SYSTEM32\UMPDC.dll
0x00007ffa43400000 - 0x00007ffa4341b000 	C:\WINDOWS\SYSTEM32\kernel.appcore.dll
0x00007ffa21f90000 - 0x00007ffa21f9a000 	C:\Program Files\Android\Android Studio\jbr\bin\jimage.dll
0x00007ffa41ce0000 - 0x00007ffa41f22000 	C:\WINDOWS\SYSTEM32\DBGHELP.DLL
0x00007ffa46c30000 - 0x00007ffa46fb5000 	C:\WINDOWS\System32\combase.dll
0x00007ffa45fb0000 - 0x00007ffa46086000 	C:\WINDOWS\System32\OLEAUT32.dll
0x00007ffa16090000 - 0x00007ffa160cc000 	C:\WINDOWS\SYSTEM32\dbgcore.DLL
0x00007ffa447d0000 - 0x00007ffa44875000 	C:\WINDOWS\System32\bcryptPrimitives.dll
0x00007ffa0a6b0000 - 0x00007ffa0a6d0000 	C:\Program Files\Android\Android Studio\jbr\bin\java.dll
0x00007ff9d2850000 - 0x00007ff9d2868000 	C:\Program Files\Android\Android Studio\jbr\bin\zip.dll
0x00007ffa45850000 - 0x00007ffa45fa3000 	C:\WINDOWS\System32\SHELL32.dll
0x00007ffa44570000 - 0x00007ffa446da000 	C:\WINDOWS\System32\wintypes.dll
0x00007ffa42170000 - 0x00007ffa429ce000 	C:\WINDOWS\SYSTEM32\windows.storage.dll
0x00007ffa46ac0000 - 0x00007ffa46bb5000 	C:\WINDOWS\System32\SHCORE.dll
0x00007ffa468d0000 - 0x00007ffa46936000 	C:\WINDOWS\System32\shlwapi.dll
0x00007ffa44490000 - 0x00007ffa444b9000 	C:\WINDOWS\SYSTEM32\profapi.dll
0x00007ffa17200000 - 0x00007ffa17210000 	C:\Program Files\Android\Android Studio\jbr\bin\net.dll
0x00007ffa3d760000 - 0x00007ffa3d888000 	C:\WINDOWS\SYSTEM32\WINHTTP.dll
0x00007ffa43950000 - 0x00007ffa439bb000 	C:\WINDOWS\system32\mswsock.dll
0x00007ff9baf70000 - 0x00007ff9baf86000 	C:\Program Files\Android\Android Studio\jbr\bin\nio.dll
0x00007ffa29400000 - 0x00007ffa29410000 	C:\Program Files\Android\Android Studio\jbr\bin\verify.dll

JVMTI agents: none

dbghelp: loaded successfully - version: 4.0.5 - missing functions: none
symbol engine: initialized successfully - sym options: 0x614 - pdb path: .;C:\Program Files\Android\Android Studio\jbr\bin;C:\WINDOWS\SYSTEM32;C:\WINDOWS\WinSxS\amd64_microsoft.windows.common-controls_6595b64144ccf1df_6.0.26100.7309_none_3e05feeae336a044;C:\Program Files\Android\Android Studio\jbr\bin\server

VM Arguments:
java_command: org.jetbrains.kotlin.cli.jvm.K2JVMCompiler @C:\Users\ACER\AndroidStudioProjects\HandmandeExpo\app\build\20251226_1528166487385578475.compiler.options
java_class_path (initial): C:\Users\ACER\.gradle\caches\modules-2\files-2.1\org.jetbrains.kotlin\kotlin-compiler-embeddable\2.0.21\79346ed53db48b18312a472602eb5c057070c54d\kotlin-compiler-embeddable-2.0.21.jar;C:\Users\ACER\.gradle\caches\modules-2\files-2.1\org.jetbrains.kotlin\kotlin-stdlib\2.0.21\618b539767b4899b4660a83006e052b63f1db551\kotlin-stdlib-2.0.21.jar;C:\Users\ACER\.gradle\caches\modules-2\files-2.1\org.jetbrains.kotlin\kotlin-script-runtime\2.0.21\c9b044380ad41f89aa89aa896c2d32a8c0b2129d\kotlin-script-runtime-2.0.21.jar;C:\Users\ACER\.gradle\caches\modules-2\files-2.1\org.jetbrains.kotlin\kotlin-reflect\1.6.10\1cbe9c92c12a94eea200d23c2bbaedaf3daf5132\kotlin-reflect-1.6.10.jar;C:\Users\ACER\.gradle\caches\modules-2\files-2.1\org.jetbrains.kotlin\kotlin-daemon-embeddable\2.0.21\c9e933b23287de9b5a17e2116b4657bb91aea72c\kotlin-daemon-embeddable-2.0.21.jar;C:\Users\ACER\.gradle\caches\modules-2\files-2.1\org.jetbrains.intellij.deps\trove4j\1.0.20200330\3afb14d5f9ceb459d724e907a21145e8ff394f02\trove4j-1.0.20200330.jar;C:\Users\ACER\.gradle\caches\modules-2\files-2.1\org.jetbrains.kotlinx\kotlinx-coroutines-core-jvm\1.6.4\2c997cd1c0ef33f3e751d3831929aeff1390cb30\kotlinx-coroutines-core-jvm-1.6.4.jar;C:\Users\ACER\.gradle\caches\modules-2\files-2.1\org.jetbrains\annotations\13.0\919f0dfe192fb4e063e7dacadee7f8bb9a2672a9\annotations-13.0.jar
Launcher Type: SUN_STANDARD

[Global flags]
     intx CICompilerCount                          = 4                                         {product} {ergonomic}
     uint ConcGCThreads                            = 3                                         {product} {ergonomic}
     uint G1ConcRefinementThreads                  = 10                                        {product} {ergonomic}
   size_t G1HeapRegionSize                         = 2097152                                   {product} {ergonomic}
    uintx GCDrainStackTargetSize                   = 64                                        {product} {ergonomic}
   size_t InitialHeapSize                          = 264241152                                 {product} {ergonomic}
   size_t MarkStackSize                            = 4194304                                   {product} {ergonomic}
   size_t MaxHeapSize                              = 4217372672                                {product} {ergonomic}
   size_t MaxNewSize                               = 2529165312                                {product} {ergonomic}
   size_t MinHeapDeltaBytes                        = 2097152                                   {product} {ergonomic}
   size_t MinHeapSize                              = 8388608                                   {product} {ergonomic}
    uintx NonNMethodCodeHeapSize                   = 5839372                                {pd product} {ergonomic}
    uintx NonProfiledCodeHeapSize                  = 122909434                              {pd product} {ergonomic}
    uintx ProfiledCodeHeapSize                     = 122909434                              {pd product} {ergonomic}
    uintx ReservedCodeCacheSize                    = 251658240                              {pd product} {ergonomic}
     bool SegmentedCodeCache                       = true                                      {product} {ergonomic}
   size_t SoftMaxHeapSize                          = 4217372672                             {manageable} {ergonomic}
     bool UseCompressedOops                        = true                           {product lp64_product} {ergonomic}
     bool UseG1GC                                  = true                                      {product} {ergonomic}
     bool UseLargePagesIndividualAllocation        = false                                  {pd product} {ergonomic}

Logging:
Log output configuration:
 #0: stdout all=warning uptime,level,tags foldmultilines=false
 #1: stderr all=off uptime,level,tags foldmultilines=false

Environment Variables:
JAVA_HOME=C:\Program Files\jdk-24
PATH=C:\Program Files\Common Files\Oracle\Java\javapath;C:\Windows\system32;C:\Windows;C:\Windows\System32\Wbem;C:\Windows\System32\WindowsPowerShell\v1.0\;C:\Windows\System32\OpenSSH\;C:\Program Files (x86)\NVIDIA Corporation\PhysX\Common;C:\Program Files\NVIDIA Corporation\NVIDIA NvDLISR;C:\WINDOWS\system32;C:\WINDOWS;C:\WINDOWS\System32\Wbem;C:\WINDOWS\System32\WindowsPowerShell\v1.0\;C:\WINDOWS\System32\OpenSSH\;C:\Program Files\Git\cmd;C:\Program Files\dotnet\;C:\Program Files\jdk-24\bin;C:\Program Files\jdk-24\bin;C:\Users\ACER\AppData\Local\Programs\Python\Python313\Scripts\;C:\Users\ACER\AppData\Local\Programs\Python\Python313\;C:\Users\ACER\AppData\Local\Microsoft\WindowsApps;C:\Users\ACER\AppData\Local\Programs\Microsoft VS Code\bin;C:\Program Files\jdk-24\bin;
USERNAME=ACER
OS=Windows_NT
PROCESSOR_IDENTIFIER=Intel64 Family 6 Model 186 Stepping 2, GenuineIntel
TMP=C:\Users\ACER\AppData\Local\Temp
TEMP=C:\Users\ACER\AppData\Local\Temp




Periodic native trim disabled

JNI global refs:
JNI global refs: 11, weak refs: 0

JNI global refs memory usage: 835, weak refs: 833

Process memory usage:
Resident Set Size: 436556K (2% of 16473976K total physical memory with 1290068K free physical memory)

OOME stack traces (most recent first):
Classloader memory used:
Loader jdk.internal.loader.ClassLoaders$AppClassLoader                                 : 53029K
Loader bootstrap                                                                       : 11014K
Loader java.net.URLClassLoader                                                         : 327K

---------------  S Y S T E M  ---------------

OS:
 Windows 11 , 64 bit Build 26100 (10.0.26100.7309)
OS uptime: 1 days 22:22 hours
Hyper-V role detected

CPU: total 12 (initial active 12) (6 cores per cpu, 2 threads per core) family 6 model 186 stepping 2 microcode 0x5103, cx8, cmov, fxsr, ht, mmx, 3dnowpref, sse, sse2, sse3, ssse3, sse4.1, sse4.2, popcnt, lzcnt, tsc, tscinvbit, avx, avx2, aes, erms, clmul, bmi1, bmi2, adx, sha, fma, vzeroupper, clflush, clflushopt, clwb, hv, serialize, rdtscp, rdpid, fsrm, f16c, cet_ibt, cet_ss
Processor Information for processor 0
  Max Mhz: 2100, Current Mhz: 2100, Mhz Limit: 2100
Processor Information for processor 1
  Max Mhz: 2100, Current Mhz: 2100, Mhz Limit: 2100
Processor Information for processor 2
  Max Mhz: 2100, Current Mhz: 2100, Mhz Limit: 2100
Processor Information for processor 3
  Max Mhz: 2100, Current Mhz: 2100, Mhz Limit: 2100
Processor Information for processor 4
  Max Mhz: 2100, Current Mhz: 2100, Mhz Limit: 2100
Processor Information for processor 5
  Max Mhz: 2100, Current Mhz: 2100, Mhz Limit: 2100
Processor Information for processor 6
  Max Mhz: 2100, Current Mhz: 2100, Mhz Limit: 2100
Processor Information for processor 7
  Max Mhz: 2100, Current Mhz: 2100, Mhz Limit: 2100
Processor Information for processor 8
  Max Mhz: 2100, Current Mhz: 2100, Mhz Limit: 2100
Processor Information for processor 9
  Max Mhz: 2100, Current Mhz: 1540, Mhz Limit: 2100
Processor Information for processor 10
  Max Mhz: 2100, Current Mhz: 2100, Mhz Limit: 2100
Processor Information for processor 11
  Max Mhz: 2100, Current Mhz: 2100, Mhz Limit: 2100

Memory: 4k page, system-wide physical 16087M (1259M free)
TotalPageFile size 20183M (AvailPageFile size 9M)
current process WorkingSet (physical memory assigned to process): 426M, peak: 426M
current process commit charge ("private bytes"): 453M, peak: 454M

vm_info: OpenJDK 64-Bit Server VM (21.0.8+-14018985-b1038.68) for windows-amd64 JRE (21.0.8+-14018985-b1038.68), built on 2025-08-29T19:56:34Z by "builder" with MS VC++ 16.10 / 16.11 (VS2019)

END.
